<?xml version="1.0" encoding="UTF-8"?>
<testng-results skipped="0" failed="0" total="1" passed="1">
  <reporter-output>
  </reporter-output>
  <suite name="Default suite" duration-ms="19945" started-at="2016-09-14T16:22:21Z" finished-at="2016-09-14T16:22:41Z">
    <groups>
    </groups>
    <test name="Default test" duration-ms="19945" started-at="2016-09-14T16:22:21Z" finished-at="2016-09-14T16:22:41Z">
      <class name="com.chrome.Demo.ChromeDemo">
        <test-method status="PASS" signature="test1()[pri:0, instance:com.chrome.Demo.ChromeDemo@af6cff]" name="test1" duration-ms="19912" started-at="2016-09-14T21:52:21Z" finished-at="2016-09-14T21:52:41Z">
          <reporter-output>
          </reporter-output>
        </test-method> <!-- test1 -->
      </class> <!-- com.chrome.Demo.ChromeDemo -->
    </test> <!-- Default test -->
  </suite> <!-- Default suite -->
</testng-results>
